<?xml version="1.0" encoding="UTF-8"?>
<!-- Generated by org.testng.reporters.JUnitReportReporter -->
<testsuite hostname="DESKTOP-6USQ61I" failures="0" tests="4" name="testCases.TC003_LoginDDT" time="37.375" errors="0" timestamp="2024-06-22T12:02:15 IST" skipped="0">
  <testcase classname="testCases.TC003_LoginDDT" name="TC003_VerifyloginDDT" time="2.753"/>
  <testcase classname="testCases.TC003_LoginDDT" name="TC003_VerifyloginDDT" time="12.154"/>
  <testcase classname="testCases.TC003_LoginDDT" name="TC003_VerifyloginDDT" time="11.336"/>
  <testcase classname="testCases.TC003_LoginDDT" name="TC003_VerifyloginDDT" time="11.132"/>
</testsuite> <!-- testCases.TC003_LoginDDT -->
