<?xml version="1.0" encoding="UTF-8"?>
<!-- Generated by org.testng.reporters.JUnitReportReporter -->
<testsuite hostname="DESKTOP-6USQ61I" failures="0" tests="1" name="testCases.TC001_AccountRegistrationTest" time="2.038" errors="0" timestamp="2024-06-22T14:38:04 IST" skipped="0">
  <testcase classname="testCases.TC001_AccountRegistrationTest" name="verify_account_registration" time="2.038"/>
</testsuite> <!-- testCases.TC001_AccountRegistrationTest -->
